sysbench 1.0.10 (using bundled LuaJIT 2.1.0-beta2)

Running the test with following options:
Number of threads: 1
Initializing random number generator from current time


Initializing worker threads...

Threads started!

SQL statistics:
    queries performed:
        read:                            177518
        write:                           0
        other:                           0
        total:                           177518
    transactions:                        177518 (17748.05 per sec.)
    queries:                             177518 (17748.05 per sec.)
    ignored errors:                      0      (0.00 per sec.)
    reconnects:                          0      (0.00 per sec.)

General statistics:
    total time:                          10.0003s
    total number of events:              177518

Latency (ms):
         min:                                  0.05
         avg:                                  0.06
         max:                                  4.98
         95th percentile:                      0.07
         sum:                               9885.21

Threads fairness:
    events (avg/stddev):           177518.0000/0.00
    execution time (avg/stddev):   9.8852/0.00

