sysbench 1.0.10 (using bundled LuaJIT 2.1.0-beta2)

Running the test with following options:
Number of threads: 2
Initializing random number generator from current time


Initializing worker threads...

Threads started!

SQL statistics:
    queries performed:
        read:                            334492
        write:                           0
        other:                           0
        total:                           334492
    transactions:                        334492 (33441.94 per sec.)
    queries:                             334492 (33441.94 per sec.)
    ignored errors:                      0      (0.00 per sec.)
    reconnects:                          0      (0.00 per sec.)

General statistics:
    total time:                          10.0004s
    total number of events:              334492

Latency (ms):
         min:                                  0.05
         avg:                                  0.06
         max:                                  5.22
         95th percentile:                      0.07
         sum:                              19776.16

Threads fairness:
    events (avg/stddev):           167246.0000/230.00
    execution time (avg/stddev):   9.8881/0.00

