sysbench 1.0.10 (using bundled LuaJIT 2.1.0-beta2)

Running the test with following options:
Number of threads: 32
Initializing random number generator from current time


Initializing worker threads...

Threads started!

SQL statistics:
    queries performed:
        read:                            2250432
        write:                           0
        other:                           0
        total:                           2250432
    transactions:                        2250432 (224930.88 per sec.)
    queries:                             2250432 (224930.88 per sec.)
    ignored errors:                      0      (0.00 per sec.)
    reconnects:                          0      (0.00 per sec.)

General statistics:
    total time:                          10.0031s
    total number of events:              2250432

Latency (ms):
         min:                                  0.06
         avg:                                  0.14
         max:                                 37.89
         95th percentile:                      0.24
         sum:                             316530.10

Threads fairness:
    events (avg/stddev):           70326.0000/2101.49
    execution time (avg/stddev):   9.8916/0.00

