sysbench 1.0.10 (using bundled LuaJIT 2.1.0-beta2)

Running the test with following options:
Number of threads: 4
Initializing random number generator from current time


Initializing worker threads...

Threads started!

SQL statistics:
    queries performed:
        read:                            629041
        write:                           0
        other:                           0
        total:                           629041
    transactions:                        629041 (62889.86 per sec.)
    queries:                             629041 (62889.86 per sec.)
    ignored errors:                      0      (0.00 per sec.)
    reconnects:                          0      (0.00 per sec.)

General statistics:
    total time:                          10.0004s
    total number of events:              629041

Latency (ms):
         min:                                  0.05
         avg:                                  0.06
         max:                                  6.16
         95th percentile:                      0.07
         sum:                              39544.70

Threads fairness:
    events (avg/stddev):           157260.2500/2573.22
    execution time (avg/stddev):   9.8862/0.00

