sysbench 1.0.10 (using bundled LuaJIT 2.1.0-beta2)

Running the test with following options:
Number of threads: 64
Initializing random number generator from current time


Initializing worker threads...

Threads started!

SQL statistics:
    queries performed:
        read:                            2380204
        write:                           0
        other:                           0
        total:                           2380204
    transactions:                        2380204 (237829.59 per sec.)
    queries:                             2380204 (237829.59 per sec.)
    ignored errors:                      0      (0.00 per sec.)
    reconnects:                          0      (0.00 per sec.)

General statistics:
    total time:                          10.0062s
    total number of events:              2380204

Latency (ms):
         min:                                  0.06
         avg:                                  0.27
         max:                                 61.67
         95th percentile:                      0.51
         sum:                             636400.85

Threads fairness:
    events (avg/stddev):           37190.6875/1232.30
    execution time (avg/stddev):   9.9438/0.00

