sysbench 1.0.10 (using bundled LuaJIT 2.1.0-beta2)

Running the test with following options:
Number of threads: 8
Initializing random number generator from current time


Initializing worker threads...

Threads started!

SQL statistics:
    queries performed:
        read:                            997243
        write:                           0
        other:                           0
        total:                           997243
    transactions:                        997243 (99684.28 per sec.)
    queries:                             997243 (99684.28 per sec.)
    ignored errors:                      0      (0.00 per sec.)
    reconnects:                          0      (0.00 per sec.)

General statistics:
    total time:                          10.0020s
    total number of events:              997243

Latency (ms):
         min:                                  0.06
         avg:                                  0.08
         max:                                  6.21
         95th percentile:                      0.10
         sum:                              78750.83

Threads fairness:
    events (avg/stddev):           124655.3750/325.07
    execution time (avg/stddev):   9.8439/0.00

