sysbench 1.0.10 (using bundled LuaJIT 2.1.0-beta2)

Running the test with following options:
Number of threads: 1
Initializing random number generator from current time


Initializing worker threads...

Threads started!

SQL statistics:
    queries performed:
        read:                            165872
        write:                           0
        other:                           0
        total:                           165872
    transactions:                        165872 (16583.92 per sec.)
    queries:                             165872 (16583.92 per sec.)
    ignored errors:                      0      (0.00 per sec.)
    reconnects:                          0      (0.00 per sec.)

General statistics:
    total time:                          10.0003s
    total number of events:              165872

Latency (ms):
         min:                                  0.05
         avg:                                  0.06
         max:                                  4.58
         95th percentile:                      0.07
         sum:                               9894.88

Threads fairness:
    events (avg/stddev):           165872.0000/0.00
    execution time (avg/stddev):   9.8949/0.00

