sysbench 1.0.10 (using bundled LuaJIT 2.1.0-beta2)

Running the test with following options:
Number of threads: 128
Initializing random number generator from current time


Initializing worker threads...

Threads started!

SQL statistics:
    queries performed:
        read:                            2476043
        write:                           0
        other:                           0
        total:                           2476043
    transactions:                        2476043 (247272.30 per sec.)
    queries:                             2476043 (247272.30 per sec.)
    ignored errors:                      0      (0.00 per sec.)
    reconnects:                          0      (0.00 per sec.)

General statistics:
    total time:                          10.0117s
    total number of events:              2476043

Latency (ms):
         min:                                  0.07
         avg:                                  0.52
         max:                                 44.83
         95th percentile:                      0.86
         sum:                            1276590.81

Threads fairness:
    events (avg/stddev):           19344.0859/280.33
    execution time (avg/stddev):   9.9734/0.00

