sysbench 1.0.10 (using bundled LuaJIT 2.1.0-beta2)

Running the test with following options:
Number of threads: 2
Initializing random number generator from current time


Initializing worker threads...

Threads started!

SQL statistics:
    queries performed:
        read:                            306879
        write:                           0
        other:                           0
        total:                           306879
    transactions:                        306879 (30681.46 per sec.)
    queries:                             306879 (30681.46 per sec.)
    ignored errors:                      0      (0.00 per sec.)
    reconnects:                          0      (0.00 per sec.)

General statistics:
    total time:                          10.0003s
    total number of events:              306879

Latency (ms):
         min:                                  0.06
         avg:                                  0.06
         max:                                  4.98
         95th percentile:                      0.07
         sum:                              19785.96

Threads fairness:
    events (avg/stddev):           153439.5000/13.50
    execution time (avg/stddev):   9.8930/0.00

