sysbench 1.0.10 (using bundled LuaJIT 2.1.0-beta2)

Running the test with following options:
Number of threads: 32
Initializing random number generator from current time


Initializing worker threads...

Threads started!

SQL statistics:
    queries performed:
        read:                            2057373
        write:                           0
        other:                           0
        total:                           2057373
    transactions:                        2057373 (205632.97 per sec.)
    queries:                             2057373 (205632.97 per sec.)
    ignored errors:                      0      (0.00 per sec.)
    reconnects:                          0      (0.00 per sec.)

General statistics:
    total time:                          10.0032s
    total number of events:              2057373

Latency (ms):
         min:                                  0.07
         avg:                                  0.15
         max:                                 39.95
         95th percentile:                      0.26
         sum:                             316803.11

Threads fairness:
    events (avg/stddev):           64292.9062/1701.44
    execution time (avg/stddev):   9.9001/0.00

