sysbench 1.0.10 (using bundled LuaJIT 2.1.0-beta2)

Running the test with following options:
Number of threads: 4
Initializing random number generator from current time


Initializing worker threads...

Threads started!

SQL statistics:
    queries performed:
        read:                            609673
        write:                           0
        other:                           0
        total:                           609673
    transactions:                        609673 (60953.80 per sec.)
    queries:                             609673 (60953.80 per sec.)
    ignored errors:                      0      (0.00 per sec.)
    reconnects:                          0      (0.00 per sec.)

General statistics:
    total time:                          10.0004s
    total number of events:              609673

Latency (ms):
         min:                                  0.06
         avg:                                  0.06
         max:                                  5.60
         95th percentile:                      0.08
         sum:                              39576.81

Threads fairness:
    events (avg/stddev):           152418.2500/2674.33
    execution time (avg/stddev):   9.8942/0.00

