sysbench 1.0.10 (using bundled LuaJIT 2.1.0-beta2)

Running the test with following options:
Number of threads: 64
Initializing random number generator from current time


Initializing worker threads...

Threads started!

SQL statistics:
    queries performed:
        read:                            2378823
        write:                           0
        other:                           0
        total:                           2378823
    transactions:                        2378823 (237692.22 per sec.)
    queries:                             2378823 (237692.22 per sec.)
    ignored errors:                      0      (0.00 per sec.)
    reconnects:                          0      (0.00 per sec.)

General statistics:
    total time:                          10.0063s
    total number of events:              2378823

Latency (ms):
         min:                                  0.07
         avg:                                  0.27
         max:                                 45.41
         95th percentile:                      0.47
         sum:                             636387.80

Threads fairness:
    events (avg/stddev):           37169.1094/547.29
    execution time (avg/stddev):   9.9436/0.00

